  Animatormain.cpp
C:\Users\user\Source\Repos\WinAnimation\WInAPIAnimww\Animator\animator.h(20,2): error C2653: 'Gdiplus': 클래스 또는 네임스페이스 이름이 아닙니다.
  (소스 파일 'Animatormain.cpp'을(를) 컴파일하는 중)
  
C:\Users\user\Source\Repos\WinAnimation\WInAPIAnimww\Animator\animator.h(20,19): error C2143: 구문 오류: ';'이(가) '*' 앞에 없습니다.
  (소스 파일 'Animatormain.cpp'을(를) 컴파일하는 중)
  
C:\Users\user\Source\Repos\WinAnimation\WInAPIAnimww\Animator\animator.h(20,11): error C4430: 형식 지정자가 없습니다. int로 가정합니다. 참고: C++에서는 기본 int를 지원하지 않습니다.
  (소스 파일 'Animatormain.cpp'을(를) 컴파일하는 중)
  
C:\Users\user\Source\Repos\WinAnimation\WInAPIAnimww\Animator\animator.h(20,21): error C4430: 형식 지정자가 없습니다. int로 가정합니다. 참고: C++에서는 기본 int를 지원하지 않습니다.
  (소스 파일 'Animatormain.cpp'을(를) 컴파일하는 중)
  
C:\Users\user\Source\Repos\WinAnimation\WInAPIAnimww\Animator\animator.h(22,2): error C2653: 'Gdiplus': 클래스 또는 네임스페이스 이름이 아닙니다.
  (소스 파일 'Animatormain.cpp'을(를) 컴파일하는 중)
  
C:\Users\user\Source\Repos\WinAnimation\WInAPIAnimww\Animator\animator.h(22,17): error C2143: 구문 오류: ';'이(가) '*' 앞에 없습니다.
  (소스 파일 'Animatormain.cpp'을(를) 컴파일하는 중)
  
C:\Users\user\Source\Repos\WinAnimation\WInAPIAnimww\Animator\animator.h(22,11): error C4430: 형식 지정자가 없습니다. int로 가정합니다. 참고: C++에서는 기본 int를 지원하지 않습니다.
  (소스 파일 'Animatormain.cpp'을(를) 컴파일하는 중)
  
C:\Users\user\Source\Repos\WinAnimation\WInAPIAnimww\Animator\animator.h(22,19): error C4430: 형식 지정자가 없습니다. int로 가정합니다. 참고: C++에서는 기본 int를 지원하지 않습니다.
  (소스 파일 'Animatormain.cpp'을(를) 컴파일하는 중)
  
C:\Users\user\Source\Repos\WinAnimation\WInAPIAnimww\Animator\animator.h(46,31): error C2653: 'Gdiplus': 클래스 또는 네임스페이스 이름이 아닙니다.
  (소스 파일 'Animatormain.cpp'을(를) 컴파일하는 중)
  
C:\Users\user\Source\Repos\WinAnimation\WInAPIAnimww\Animator\animator.h(46,40): error C2061: 구문 오류: 식별자 'Bitmap'
  (소스 파일 'Animatormain.cpp'을(를) 컴파일하는 중)
  
C:\Users\user\Source\Repos\WinAnimation\WInAPIAnimww\Animator\Animatormain.cpp(124,50): error C2440: '=': 'Gdiplus::Graphics *'에서 'int *'(으)로 변환할 수 없습니다.
      C:\Users\user\Source\Repos\WinAnimation\WInAPIAnimww\Animator\Animatormain.cpp(124,50):
      가리킨 형식이 관련이 없습니다. 변환하려면 reinterpret_cast, C 스타일 캐스트 또는 괄호가 있는 함수 스타일 캐스트가 필요합니다.
  
C:\Users\user\Source\Repos\WinAnimation\WInAPIAnimww\Animator\Animatormain.cpp(134,4): error C2541: 'delete': 포인터가 아닌 개체를 삭제할 수 없습니다.
C:\Users\user\Source\Repos\WinAnimation\WInAPIAnimww\Animator\Animatormain.cpp(154,30): error C2440: '=': 'wchar_t *'에서 'int'(으)로 변환할 수 없습니다.
      C:\Users\user\Source\Repos\WinAnimation\WInAPIAnimww\Animator\Animatormain.cpp(154,30):
      이 변환이 가능한 컨텍스트가 없습니다.
  
C:\Users\user\Source\Repos\WinAnimation\WInAPIAnimww\Animator\Animatormain.cpp(179,39): warning C4018: '<': signed 또는 unsigned가 일치하지 않습니다.
C:\Users\user\Source\Repos\WinAnimation\WInAPIAnimww\Animator\Animatormain.cpp(182,4): error C2664: 'int sprintf(char *const ,const char *const ,...)': 인수 2을(를) 'wchar_t *'에서 'const char *const '(으)로 변환할 수 없습니다.
      C:\Users\user\Source\Repos\WinAnimation\WInAPIAnimww\Animator\Animatormain.cpp(182,25):
      가리킨 형식이 관련이 없습니다. 변환하려면 reinterpret_cast, C 스타일 캐스트 또는 괄호가 있는 함수 스타일 캐스트가 필요합니다.
      C:\Program Files (x86)\Windows Kits\10\Include\10.0.22621.0\ucrt\stdio.h(1764,37):
      'sprintf' 선언을 참조하십시오.
      C:\Users\user\Source\Repos\WinAnimation\WInAPIAnimww\Animator\Animatormain.cpp(182,4):
      인수 목록 '(char [250], wchar_t *, int)'을(를) 일치시키는 동안
  
C:\Users\user\Source\Repos\WinAnimation\WInAPIAnimww\Animator\Animatormain.cpp(183,30): error C2440: '=': 'Gdiplus::Bitmap *'에서 'int'(으)로 변환할 수 없습니다.
      C:\Users\user\Source\Repos\WinAnimation\WInAPIAnimww\Animator\Animatormain.cpp(183,30):
      이 변환이 가능한 컨텍스트가 없습니다.
  
